<?xml version="1.0" encoding="UTF-8"?>
<testsuite xmlns:xsi="http://www.w3.org/2001/XMLSchema-instance" xsi:noNamespaceSchemaLocation="https://maven.apache.org/surefire/maven-surefire-plugin/xsd/surefire-test-report.xsd" name="com.etc.QueueInfoServiceTest" time="5.465" tests="3" errors="3" skipped="0" failures="0">
  <properties>
    <property name="sun.desktop" value="windows"/>
    <property name="awt.toolkit" value="sun.awt.windows.WToolkit"/>
    <property name="file.encoding.pkg" value="sun.io"/>
    <property name="java.specification.version" value="1.8"/>
    <property name="sun.cpu.isalist" value="amd64"/>
    <property name="sun.jnu.encoding" value="GBK"/>
    <property name="java.class.path" value="D:\IdeaProjects\ssmlagou\target\test-classes;D:\IdeaProjects\ssmlagou\target\classes;D:\maven3\repository\redis\clients\jedis\2.9.0\jedis-2.9.0.jar;D:\maven3\repository\org\apache\commons\commons-pool2\2.4.2\commons-pool2-2.4.2.jar;D:\maven3\repository\javax\javaee-api\8.0\javaee-api-8.0.jar;D:\maven3\repository\com\sun\mail\javax.mail\1.6.0\javax.mail-1.6.0.jar;D:\maven3\repository\javax\activation\activation\1.1\activation-1.1.jar;D:\maven3\repository\org\glassfish\web\javax.servlet.jsp.jstl\1.2.2\javax.servlet.jsp.jstl-1.2.2.jar;D:\maven3\repository\javax\servlet\jsp\jstl\jstl-api\1.2\jstl-api-1.2.jar;D:\maven3\repository\javax\servlet\servlet-api\2.5\servlet-api-2.5.jar;D:\maven3\repository\javax\servlet\jsp\jsp-api\2.1\jsp-api-2.1.jar;D:\maven3\repository\junit\junit\4.12\junit-4.12.jar;D:\maven3\repository\org\hamcrest\hamcrest-core\1.3\hamcrest-core-1.3.jar;D:\maven3\repository\org\springframework\spring-context\5.2.3.RELEASE\spring-context-5.2.3.RELEASE.jar;D:\maven3\repository\org\springframework\spring-aop\5.2.3.RELEASE\spring-aop-5.2.3.RELEASE.jar;D:\maven3\repository\org\springframework\spring-beans\5.2.3.RELEASE\spring-beans-5.2.3.RELEASE.jar;D:\maven3\repository\org\springframework\spring-core\5.2.3.RELEASE\spring-core-5.2.3.RELEASE.jar;D:\maven3\repository\org\springframework\spring-jcl\5.2.3.RELEASE\spring-jcl-5.2.3.RELEASE.jar;D:\maven3\repository\org\springframework\spring-expression\5.2.3.RELEASE\spring-expression-5.2.3.RELEASE.jar;D:\maven3\repository\org\springframework\spring-aspects\5.2.3.RELEASE\spring-aspects-5.2.3.RELEASE.jar;D:\maven3\repository\org\aspectj\aspectjweaver\1.9.5\aspectjweaver-1.9.5.jar;D:\maven3\repository\org\springframework\spring-jdbc\5.2.3.RELEASE\spring-jdbc-5.2.3.RELEASE.jar;D:\maven3\repository\org\springframework\spring-tx\5.2.3.RELEASE\spring-tx-5.2.3.RELEASE.jar;D:\maven3\repository\org\springframework\spring-orm\5.2.3.RELEASE\spring-orm-5.2.3.RELEASE.jar;D:\maven3\repository\org\springframework\spring-test\5.2.3.RELEASE\spring-test-5.2.3.RELEASE.jar;D:\maven3\repository\aspectj\aspectjweaver\1.5.0\aspectjweaver-1.5.0.jar;D:\maven3\repository\org\mybatis\mybatis\3.5.4\mybatis-3.5.4.jar;D:\maven3\repository\org\mybatis\mybatis-spring\2.0.3\mybatis-spring-2.0.3.jar;D:\maven3\repository\mysql\mysql-connector-java\8.0.19\mysql-connector-java-8.0.19.jar;D:\maven3\repository\com\google\protobuf\protobuf-java\3.6.1\protobuf-java-3.6.1.jar;D:\maven3\repository\commons-dbcp\commons-dbcp\1.4\commons-dbcp-1.4.jar;D:\maven3\repository\commons-pool\commons-pool\1.5.4\commons-pool-1.5.4.jar;D:\maven3\repository\org\slf4j\slf4j-log4j12\2.0.0-alpha0\slf4j-log4j12-2.0.0-alpha0.jar;D:\maven3\repository\org\slf4j\slf4j-api\2.0.0-alpha0\slf4j-api-2.0.0-alpha0.jar;D:\maven3\repository\log4j\log4j\1.2.17\log4j-1.2.17.jar;D:\maven3\repository\org\springframework\spring-web\5.2.3.RELEASE\spring-web-5.2.3.RELEASE.jar;D:\maven3\repository\org\springframework\spring-webmvc\5.2.3.RELEASE\spring-webmvc-5.2.3.RELEASE.jar;D:\maven3\repository\com\fasterxml\jackson\core\jackson-core\2.9.8\jackson-core-2.9.8.jar;D:\maven3\repository\com\fasterxml\jackson\core\jackson-databind\2.9.8\jackson-databind-2.9.8.jar;D:\maven3\repository\com\fasterxml\jackson\core\jackson-annotations\2.9.0\jackson-annotations-2.9.0.jar;D:\maven3\repository\commons-fileupload\commons-fileupload\1.2.1\commons-fileupload-1.2.1.jar;D:\maven3\repository\commons-io\commons-io\1.4\commons-io-1.4.jar;D:\maven3\repository\com\github\pagehelper\pagehelper\5.1.11\pagehelper-5.1.11.jar;D:\maven3\repository\com\github\jsqlparser\jsqlparser\2.0\jsqlparser-2.0.jar;"/>
    <property name="java.vm.vendor" value="Oracle Corporation"/>
    <property name="sun.arch.data.model" value="64"/>
    <property name="user.variant" value=""/>
    <property name="java.vendor.url" value="http://java.oracle.com/"/>
    <property name="user.timezone" value="Asia/Shanghai"/>
    <property name="java.vm.specification.version" value="1.8"/>
    <property name="os.name" value="Windows 7"/>
    <property name="user.country" value="CN"/>
    <property name="sun.java.launcher" value="SUN_STANDARD"/>
    <property name="sun.boot.library.path" value="C:\Program Files\Java\jdk1.8.0_181\jre\bin"/>
    <property name="sun.java.command" value="C:\Users\ADMINI~1.USE\AppData\Local\Temp\surefire4964117987825783937\surefirebooter8697415211587993597.jar C:\Users\Administrator.USER-20190614AP\AppData\Local\Temp\surefire4964117987825783937 2020-09-25T17-16-31_825-jvmRun1 surefire8304718364835745044tmp surefire_02696988291767915458tmp"/>
    <property name="surefire.test.class.path" value="D:\IdeaProjects\ssmlagou\target\test-classes;D:\IdeaProjects\ssmlagou\target\classes;D:\maven3\repository\redis\clients\jedis\2.9.0\jedis-2.9.0.jar;D:\maven3\repository\org\apache\commons\commons-pool2\2.4.2\commons-pool2-2.4.2.jar;D:\maven3\repository\javax\javaee-api\8.0\javaee-api-8.0.jar;D:\maven3\repository\com\sun\mail\javax.mail\1.6.0\javax.mail-1.6.0.jar;D:\maven3\repository\javax\activation\activation\1.1\activation-1.1.jar;D:\maven3\repository\org\glassfish\web\javax.servlet.jsp.jstl\1.2.2\javax.servlet.jsp.jstl-1.2.2.jar;D:\maven3\repository\javax\servlet\jsp\jstl\jstl-api\1.2\jstl-api-1.2.jar;D:\maven3\repository\javax\servlet\servlet-api\2.5\servlet-api-2.5.jar;D:\maven3\repository\javax\servlet\jsp\jsp-api\2.1\jsp-api-2.1.jar;D:\maven3\repository\junit\junit\4.12\junit-4.12.jar;D:\maven3\repository\org\hamcrest\hamcrest-core\1.3\hamcrest-core-1.3.jar;D:\maven3\repository\org\springframework\spring-context\5.2.3.RELEASE\spring-context-5.2.3.RELEASE.jar;D:\maven3\repository\org\springframework\spring-aop\5.2.3.RELEASE\spring-aop-5.2.3.RELEASE.jar;D:\maven3\repository\org\springframework\spring-beans\5.2.3.RELEASE\spring-beans-5.2.3.RELEASE.jar;D:\maven3\repository\org\springframework\spring-core\5.2.3.RELEASE\spring-core-5.2.3.RELEASE.jar;D:\maven3\repository\org\springframework\spring-jcl\5.2.3.RELEASE\spring-jcl-5.2.3.RELEASE.jar;D:\maven3\repository\org\springframework\spring-expression\5.2.3.RELEASE\spring-expression-5.2.3.RELEASE.jar;D:\maven3\repository\org\springframework\spring-aspects\5.2.3.RELEASE\spring-aspects-5.2.3.RELEASE.jar;D:\maven3\repository\org\aspectj\aspectjweaver\1.9.5\aspectjweaver-1.9.5.jar;D:\maven3\repository\org\springframework\spring-jdbc\5.2.3.RELEASE\spring-jdbc-5.2.3.RELEASE.jar;D:\maven3\repository\org\springframework\spring-tx\5.2.3.RELEASE\spring-tx-5.2.3.RELEASE.jar;D:\maven3\repository\org\springframework\spring-orm\5.2.3.RELEASE\spring-orm-5.2.3.RELEASE.jar;D:\maven3\repository\org\springframework\spring-test\5.2.3.RELEASE\spring-test-5.2.3.RELEASE.jar;D:\maven3\repository\aspectj\aspectjweaver\1.5.0\aspectjweaver-1.5.0.jar;D:\maven3\repository\org\mybatis\mybatis\3.5.4\mybatis-3.5.4.jar;D:\maven3\repository\org\mybatis\mybatis-spring\2.0.3\mybatis-spring-2.0.3.jar;D:\maven3\repository\mysql\mysql-connector-java\8.0.19\mysql-connector-java-8.0.19.jar;D:\maven3\repository\com\google\protobuf\protobuf-java\3.6.1\protobuf-java-3.6.1.jar;D:\maven3\repository\commons-dbcp\commons-dbcp\1.4\commons-dbcp-1.4.jar;D:\maven3\repository\commons-pool\commons-pool\1.5.4\commons-pool-1.5.4.jar;D:\maven3\repository\org\slf4j\slf4j-log4j12\2.0.0-alpha0\slf4j-log4j12-2.0.0-alpha0.jar;D:\maven3\repository\org\slf4j\slf4j-api\2.0.0-alpha0\slf4j-api-2.0.0-alpha0.jar;D:\maven3\repository\log4j\log4j\1.2.17\log4j-1.2.17.jar;D:\maven3\repository\org\springframework\spring-web\5.2.3.RELEASE\spring-web-5.2.3.RELEASE.jar;D:\maven3\repository\org\springframework\spring-webmvc\5.2.3.RELEASE\spring-webmvc-5.2.3.RELEASE.jar;D:\maven3\repository\com\fasterxml\jackson\core\jackson-core\2.9.8\jackson-core-2.9.8.jar;D:\maven3\repository\com\fasterxml\jackson\core\jackson-databind\2.9.8\jackson-databind-2.9.8.jar;D:\maven3\repository\com\fasterxml\jackson\core\jackson-annotations\2.9.0\jackson-annotations-2.9.0.jar;D:\maven3\repository\commons-fileupload\commons-fileupload\1.2.1\commons-fileupload-1.2.1.jar;D:\maven3\repository\commons-io\commons-io\1.4\commons-io-1.4.jar;D:\maven3\repository\com\github\pagehelper\pagehelper\5.1.11\pagehelper-5.1.11.jar;D:\maven3\repository\com\github\jsqlparser\jsqlparser\2.0\jsqlparser-2.0.jar;"/>
    <property name="sun.cpu.endian" value="little"/>
    <property name="user.home" value="C:\Users\Administrator.USER-20190614AP"/>
    <property name="user.language" value="zh"/>
    <property name="java.specification.vendor" value="Oracle Corporation"/>
    <property name="java.home" value="C:\Program Files\Java\jdk1.8.0_181\jre"/>
    <property name="basedir" value="D:\IdeaProjects\ssmlagou"/>
    <property name="file.separator" value="\"/>
    <property name="line.separator" value="&#10;"/>
    <property name="java.vm.specification.vendor" value="Oracle Corporation"/>
    <property name="java.specification.name" value="Java Platform API Specification"/>
    <property name="java.awt.graphicsenv" value="sun.awt.Win32GraphicsEnvironment"/>
    <property name="surefire.real.class.path" value="C:\Users\ADMINI~1.USE\AppData\Local\Temp\surefire4964117987825783937\surefirebooter8697415211587993597.jar"/>
    <property name="sun.boot.class.path" value="C:\Program Files\Java\jdk1.8.0_181\jre\lib\resources.jar;C:\Program Files\Java\jdk1.8.0_181\jre\lib\rt.jar;C:\Program Files\Java\jdk1.8.0_181\jre\lib\sunrsasign.jar;C:\Program Files\Java\jdk1.8.0_181\jre\lib\jsse.jar;C:\Program Files\Java\jdk1.8.0_181\jre\lib\jce.jar;C:\Program Files\Java\jdk1.8.0_181\jre\lib\charsets.jar;C:\Program Files\Java\jdk1.8.0_181\jre\lib\jfr.jar;C:\Program Files\Java\jdk1.8.0_181\jre\classes"/>
    <property name="user.script" value=""/>
    <property name="sun.management.compiler" value="HotSpot 64-Bit Tiered Compilers"/>
    <property name="java.runtime.version" value="1.8.0_181-b13"/>
    <property name="user.name" value="Administrator"/>
    <property name="path.separator" value=";"/>
    <property name="os.version" value="6.1"/>
    <property name="java.endorsed.dirs" value="C:\Program Files\Java\jdk1.8.0_181\jre\lib\endorsed"/>
    <property name="java.runtime.name" value="Java(TM) SE Runtime Environment"/>
    <property name="file.encoding" value="GBK"/>
    <property name="java.vm.name" value="Java HotSpot(TM) 64-Bit Server VM"/>
    <property name="localRepository" value="D:\maven3\repository"/>
    <property name="java.vendor.url.bug" value="http://bugreport.sun.com/bugreport/"/>
    <property name="java.io.tmpdir" value="C:\Users\ADMINI~1.USE\AppData\Local\Temp\"/>
    <property name="java.version" value="1.8.0_181"/>
    <property name="user.dir" value="D:\IdeaProjects\ssmlagou"/>
    <property name="os.arch" value="amd64"/>
    <property name="java.vm.specification.name" value="Java Virtual Machine Specification"/>
    <property name="java.awt.printerjob" value="sun.awt.windows.WPrinterJob"/>
    <property name="sun.os.patch.level" value="Service Pack 1"/>
    <property name="idea.version2019.3.4" value="true"/>
    <property name="java.library.path" value="C:\Program Files\Java\jdk1.8.0_181\jre\bin;C:\Windows\Sun\Java\bin;C:\Windows\system32;C:\Windows;D:\maven3\bin;C:\Program Files (x86)\Common Files\Oracle\Java\javapath;C:\Program Files\Java\jdk1.8.0_181\bin;C:\Windows\system32;C:\Windows;C:\Windows\System32\Wbem;C:\Program Files\Java\jdk1.8.0_181\jre\bin;C:\Windows\System32\WindowsPowerShell\v1.0\;."/>
    <property name="java.vm.info" value="mixed mode"/>
    <property name="java.vendor" value="Oracle Corporation"/>
    <property name="java.vm.version" value="25.181-b13"/>
    <property name="java.ext.dirs" value="C:\Program Files\Java\jdk1.8.0_181\jre\lib\ext;C:\Windows\Sun\Java\lib\ext"/>
    <property name="sun.io.unicode.encoding" value="UnicodeLittle"/>
    <property name="maven.repo.local" value="D:\maven3\repository"/>
    <property name="java.class.version" value="52.0"/>
  </properties>
  <testcase name="getQueueTest" classname="com.etc.QueueInfoServiceTest" time="0.642">
    <error message="Could not open JDBC Connection for transaction; nested exception is org.apache.commons.dbcp.SQLNestedException: Cannot create PoolableConnectionFactory (Access denied for user &apos;root&apos;@&apos;localhost&apos; (using password: YES))" type="org.springframework.transaction.CannotCreateTransactionException">org.springframework.transaction.CannotCreateTransactionException: Could not open JDBC Connection for transaction; nested exception is org.apache.commons.dbcp.SQLNestedException: Cannot create PoolableConnectionFactory (Access denied for user 'root'@'localhost' (using password: YES))
	at com.etc.QueueInfoServiceTest.getQueueTest(QueueInfoServiceTest.java:36)
Caused by: org.apache.commons.dbcp.SQLNestedException: Cannot create PoolableConnectionFactory (Access denied for user 'root'@'localhost' (using password: YES))
	at com.etc.QueueInfoServiceTest.getQueueTest(QueueInfoServiceTest.java:36)
Caused by: java.sql.SQLException: Access denied for user 'root'@'localhost' (using password: YES)
	at com.etc.QueueInfoServiceTest.getQueueTest(QueueInfoServiceTest.java:36)
</error>
    <system-out><![CDATA[DEBUG - SpringJUnit4ClassRunner constructor called with [class com.etc.QueueInfoServiceTest]
DEBUG - Instantiating CacheAwareContextLoaderDelegate from class [org.springframework.test.context.cache.DefaultCacheAwareContextLoaderDelegate]
DEBUG - Instantiating BootstrapContext using constructor [public org.springframework.test.context.support.DefaultBootstrapContext(java.lang.Class,org.springframework.test.context.CacheAwareContextLoaderDelegate)]
DEBUG - Instantiating TestContextBootstrapper for test class [com.etc.QueueInfoServiceTest] from class [org.springframework.test.context.support.DefaultTestContextBootstrapper]
DEBUG - Delegating to GenericXmlContextLoader to process context configuration [ContextConfigurationAttributes@37d31475 declaringClass = 'com.etc.QueueInfoServiceTest', classes = '{}', locations = '{classpath:spring-mybatis.xml}', inheritLocations = true, initializers = '{}', inheritInitializers = true, name = [null], contextLoaderClass = 'org.springframework.test.context.ContextLoader'].
DEBUG - Could not find an 'annotation declaring class' for annotation type [org.springframework.test.context.ActiveProfiles] and class [com.etc.QueueInfoServiceTest]
DEBUG - @TestExecutionListeners is not present for class [com.etc.QueueInfoServiceTest]: using defaults.
INFO - Loaded default TestExecutionListener class names from location [META-INF/spring.factories]: [org.springframework.test.context.web.ServletTestExecutionListener, org.springframework.test.context.support.DirtiesContextBeforeModesTestExecutionListener, org.springframework.test.context.support.DependencyInjectionTestExecutionListener, org.springframework.test.context.support.DirtiesContextTestExecutionListener, org.springframework.test.context.transaction.TransactionalTestExecutionListener, org.springframework.test.context.jdbc.SqlScriptsTestExecutionListener, org.springframework.test.context.event.EventPublishingTestExecutionListener]
INFO - Using TestExecutionListeners: [org.springframework.test.context.web.ServletTestExecutionListener@376b4233, org.springframework.test.context.support.DirtiesContextBeforeModesTestExecutionListener@2fd66ad3, org.springframework.test.context.support.DependencyInjectionTestExecutionListener@5d11346a, org.springframework.test.context.support.DirtiesContextTestExecutionListener@7a36aefa, org.springframework.test.context.transaction.TransactionalTestExecutionListener@17211155, org.springframework.test.context.jdbc.SqlScriptsTestExecutionListener@b3d7190, org.springframework.test.context.event.EventPublishingTestExecutionListener@5fdba6f9]
DEBUG - Retrieved @ProfileValueSourceConfiguration [null] for test class [com.etc.QueueInfoServiceTest]
DEBUG - Retrieved ProfileValueSource type [class org.springframework.test.annotation.SystemProfileValueSource] for class [com.etc.QueueInfoServiceTest]
DEBUG - Retrieved @ProfileValueSourceConfiguration [null] for test class [com.etc.QueueInfoServiceTest]
DEBUG - Retrieved ProfileValueSource type [class org.springframework.test.annotation.SystemProfileValueSource] for class [com.etc.QueueInfoServiceTest]
DEBUG - Retrieved @ProfileValueSourceConfiguration [null] for test class [com.etc.QueueInfoServiceTest]
DEBUG - Retrieved ProfileValueSource type [class org.springframework.test.annotation.SystemProfileValueSource] for class [com.etc.QueueInfoServiceTest]
DEBUG - Before test class: context [DefaultTestContext@5a4041cc testClass = QueueInfoServiceTest, testInstance = [null], testMethod = [null], testException = [null], mergedContextConfiguration = [MergedContextConfiguration@15b3e5b testClass = QueueInfoServiceTest, locations = '{classpath:spring-mybatis.xml}', classes = '{}', contextInitializerClasses = '[]', activeProfiles = '{}', propertySourceLocations = '{}', propertySourceProperties = '{}', contextCustomizers = set[[empty]], contextLoader = 'org.springframework.test.context.support.DelegatingSmartContextLoader', parent = [null]], attributes = map[[empty]]], class annotated with @DirtiesContext [false] with mode [null].
DEBUG - Retrieved @ProfileValueSourceConfiguration [null] for test class [com.etc.QueueInfoServiceTest]
DEBUG - Retrieved ProfileValueSource type [class org.springframework.test.annotation.SystemProfileValueSource] for class [com.etc.QueueInfoServiceTest]
DEBUG - Performing dependency injection for test context [[DefaultTestContext@5a4041cc testClass = QueueInfoServiceTest, testInstance = com.etc.QueueInfoServiceTest@43d7741f, testMethod = [null], testException = [null], mergedContextConfiguration = [MergedContextConfiguration@15b3e5b testClass = QueueInfoServiceTest, locations = '{classpath:spring-mybatis.xml}', classes = '{}', contextInitializerClasses = '[]', activeProfiles = '{}', propertySourceLocations = '{}', propertySourceProperties = '{}', contextCustomizers = set[[empty]], contextLoader = 'org.springframework.test.context.support.DelegatingSmartContextLoader', parent = [null]], attributes = map[[empty]]]].
DEBUG - Delegating to GenericXmlContextLoader to load context from [MergedContextConfiguration@15b3e5b testClass = QueueInfoServiceTest, locations = '{classpath:spring-mybatis.xml}', classes = '{}', contextInitializerClasses = '[]', activeProfiles = '{}', propertySourceLocations = '{}', propertySourceProperties = '{}', contextCustomizers = set[[empty]], contextLoader = 'org.springframework.test.context.support.DelegatingSmartContextLoader', parent = [null]].
DEBUG - Loading ApplicationContext for merged context configuration [[MergedContextConfiguration@15b3e5b testClass = QueueInfoServiceTest, locations = '{classpath:spring-mybatis.xml}', classes = '{}', contextInitializerClasses = '[]', activeProfiles = '{}', propertySourceLocations = '{}', propertySourceProperties = '{}', contextCustomizers = set[[empty]], contextLoader = 'org.springframework.test.context.support.DelegatingSmartContextLoader', parent = [null]]].
DEBUG - Activating profiles []
DEBUG - Loaded 3 bean definitions from class path resource [redisConfig.xml]
DEBUG - Identified candidate component class: file [D:\IdeaProjects\ssmlagou\target\classes\com\etc\service\impl\CompanyServiceImpl.class]
DEBUG - Identified candidate component class: file [D:\IdeaProjects\ssmlagou\target\classes\com\etc\service\impl\JobServiceImpl.class]
DEBUG - Identified candidate component class: file [D:\IdeaProjects\ssmlagou\target\classes\com\etc\service\impl\QueueInfoServiceImpl.class]
DEBUG - Identified candidate component class: file [D:\IdeaProjects\ssmlagou\target\classes\com\etc\service\impl\TypeServiceImpl.class]
DEBUG - Loaded 22 bean definitions from class path resource [spring-mybatis.xml]
DEBUG - Refreshing org.springframework.context.support.GenericApplicationContext@5cdd8682
DEBUG - Creating shared instance of singleton bean 'org.springframework.context.annotation.internalConfigurationAnnotationProcessor'
DEBUG - Creating shared instance of singleton bean 'org.mybatis.spring.mapper.MapperScannerConfigurer#0'
DEBUG - Logging initialized using 'class org.apache.ibatis.logging.slf4j.Slf4jImpl' adapter.
DEBUG - Identified candidate component class: file [D:\IdeaProjects\ssmlagou\target\classes\com\etc\dao\CompanyDao.class]
DEBUG - Identified candidate component class: file [D:\IdeaProjects\ssmlagou\target\classes\com\etc\dao\JobDao.class]
DEBUG - Identified candidate component class: file [D:\IdeaProjects\ssmlagou\target\classes\com\etc\dao\OneTypeDao.class]
DEBUG - Identified candidate component class: file [D:\IdeaProjects\ssmlagou\target\classes\com\etc\dao\QueueInfoDao.class]
DEBUG - Creating MapperFactoryBean with name 'companyDao' and 'com.etc.dao.CompanyDao' mapperInterface
DEBUG - Creating MapperFactoryBean with name 'jobDao' and 'com.etc.dao.JobDao' mapperInterface
DEBUG - Creating MapperFactoryBean with name 'oneTypeDao' and 'com.etc.dao.OneTypeDao' mapperInterface
DEBUG - Creating MapperFactoryBean with name 'queueInfoDao' and 'com.etc.dao.QueueInfoDao' mapperInterface
DEBUG - Creating shared instance of singleton bean 'org.springframework.context.support.PropertySourcesPlaceholderConfigurer#0'
DEBUG - Creating shared instance of singleton bean 'propertyConfigurer'
DEBUG - Found key 'redis.maxIdle' in PropertySource 'localProperties' with value of type String
DEBUG - Found key 'redis.maxActive' in PropertySource 'localProperties' with value of type String
DEBUG - Found key 'redis.maxWait' in PropertySource 'localProperties' with value of type String
DEBUG - Found key 'redis.host' in PropertySource 'localProperties' with value of type String
DEBUG - Found key 'redis.port' in PropertySource 'localProperties' with value of type String
DEBUG - Creating shared instance of singleton bean 'org.springframework.context.event.internalEventListenerProcessor'
DEBUG - Creating shared instance of singleton bean 'org.springframework.context.event.internalEventListenerFactory'
DEBUG - Creating shared instance of singleton bean 'org.springframework.context.annotation.internalAutowiredAnnotationProcessor'
DEBUG - Creating shared instance of singleton bean 'org.springframework.context.annotation.internalCommonAnnotationProcessor'
DEBUG - Creating shared instance of singleton bean 'org.springframework.context.annotation.internalPersistenceAnnotationProcessor'
DEBUG - Creating shared instance of singleton bean 'org.springframework.aop.config.internalAutoProxyCreator'
DEBUG - Creating shared instance of singleton bean 'jedisPoolConfig'
DEBUG - Creating shared instance of singleton bean 'org.springframework.aop.support.DefaultBeanFactoryPointcutAdvisor#0'
DEBUG - Creating shared instance of singleton bean 'poolConfig'
DEBUG - Creating shared instance of singleton bean 'companyServiceImpl'
DEBUG - Creating shared instance of singleton bean 'companyDao'
DEBUG - Creating shared instance of singleton bean 'sessionFactory'
DEBUG - Creating shared instance of singleton bean 'dataSource'
DEBUG - Property 'configuration' or 'configLocation' not specified, using default MyBatis Configuration
DEBUG - Registered plugin: 'com.github.pagehelper.PageInterceptor@600b9d27'
DEBUG - Parsed mapper file: 'file [D:\IdeaProjects\ssmlagou\target\classes\mapper\CompanyMapper.xml]'
DEBUG - Parsed mapper file: 'file [D:\IdeaProjects\ssmlagou\target\classes\mapper\JobMapper.xml]'
DEBUG - Parsed mapper file: 'file [D:\IdeaProjects\ssmlagou\target\classes\mapper\OneTypeMapper.xml]'
DEBUG - Parsed mapper file: 'file [D:\IdeaProjects\ssmlagou\target\classes\mapper\QueueInfoMapper.xml]'
DEBUG - Creating shared instance of singleton bean 'txAdvice'
DEBUG - Creating shared instance of singleton bean 'transactionManager'
DEBUG - Adding transactional method [*get] with attribute [PROPAGATION_REQUIRED,ISOLATION_DEFAULT,readOnly]
DEBUG - Adding transactional method [*query] with attribute [PROPAGATION_REQUIRED,ISOLATION_DEFAULT,readOnly]
DEBUG - Adding transactional method [*] with attribute [PROPAGATION_REQUIRED,ISOLATION_DEFAULT]
DEBUG - Creating shared instance of singleton bean 'jobServiceImpl'
DEBUG - Creating shared instance of singleton bean 'jobDao'
DEBUG - Creating shared instance of singleton bean 'queueInfoServiceImpl'
DEBUG - Creating shared instance of singleton bean 'queueInfoDao'
DEBUG - Creating shared instance of singleton bean 'typeServiceImpl'
DEBUG - Creating shared instance of singleton bean 'oneTypeDao'
DEBUG - Storing ApplicationContext [1558021762] in cache under key [[MergedContextConfiguration@15b3e5b testClass = QueueInfoServiceTest, locations = '{classpath:spring-mybatis.xml}', classes = '{}', contextInitializerClasses = '[]', activeProfiles = '{}', propertySourceLocations = '{}', propertySourceProperties = '{}', contextCustomizers = set[[empty]], contextLoader = 'org.springframework.test.context.support.DelegatingSmartContextLoader', parent = [null]]]
DEBUG - Spring test ApplicationContext cache statistics: [DefaultContextCache@1b2c4efb size = 1, maxSize = 32, parentContextCount = 0, hitCount = 0, missCount = 1]
DEBUG - Retrieved ApplicationContext [1558021762] from cache with key [[MergedContextConfiguration@15b3e5b testClass = QueueInfoServiceTest, locations = '{classpath:spring-mybatis.xml}', classes = '{}', contextInitializerClasses = '[]', activeProfiles = '{}', propertySourceLocations = '{}', propertySourceProperties = '{}', contextCustomizers = set[[empty]], contextLoader = 'org.springframework.test.context.support.DelegatingSmartContextLoader', parent = [null]]]
DEBUG - Spring test ApplicationContext cache statistics: [DefaultContextCache@1b2c4efb size = 1, maxSize = 32, parentContextCount = 0, hitCount = 1, missCount = 1]
DEBUG - Before test method: context [DefaultTestContext@5a4041cc testClass = QueueInfoServiceTest, testInstance = com.etc.QueueInfoServiceTest@43d7741f, testMethod = getQueueTest@QueueInfoServiceTest, testException = [null], mergedContextConfiguration = [MergedContextConfiguration@15b3e5b testClass = QueueInfoServiceTest, locations = '{classpath:spring-mybatis.xml}', classes = '{}', contextInitializerClasses = '[]', activeProfiles = '{}', propertySourceLocations = '{}', propertySourceProperties = '{}', contextCustomizers = set[[empty]], contextLoader = 'org.springframework.test.context.support.DelegatingSmartContextLoader', parent = [null]], attributes = map[[empty]]], class annotated with @DirtiesContext [false] with mode [null], method annotated with @DirtiesContext [false] with mode [null].
DEBUG - Retrieved ApplicationContext [1558021762] from cache with key [[MergedContextConfiguration@15b3e5b testClass = QueueInfoServiceTest, locations = '{classpath:spring-mybatis.xml}', classes = '{}', contextInitializerClasses = '[]', activeProfiles = '{}', propertySourceLocations = '{}', propertySourceProperties = '{}', contextCustomizers = set[[empty]], contextLoader = 'org.springframework.test.context.support.DelegatingSmartContextLoader', parent = [null]]]
DEBUG - Spring test ApplicationContext cache statistics: [DefaultContextCache@1b2c4efb size = 1, maxSize = 32, parentContextCount = 0, hitCount = 2, missCount = 1]
DEBUG - Retrieved ApplicationContext [1558021762] from cache with key [[MergedContextConfiguration@15b3e5b testClass = QueueInfoServiceTest, locations = '{classpath:spring-mybatis.xml}', classes = '{}', contextInitializerClasses = '[]', activeProfiles = '{}', propertySourceLocations = '{}', propertySourceProperties = '{}', contextCustomizers = set[[empty]], contextLoader = 'org.springframework.test.context.support.DelegatingSmartContextLoader', parent = [null]]]
DEBUG - Spring test ApplicationContext cache statistics: [DefaultContextCache@1b2c4efb size = 1, maxSize = 32, parentContextCount = 0, hitCount = 3, missCount = 1]
DEBUG - Creating new transaction with name [com.etc.service.impl.QueueInfoServiceImpl.getQueue]: PROPAGATION_REQUIRED,ISOLATION_DEFAULT
DEBUG - Retrieved ApplicationContext [1558021762] from cache with key [[MergedContextConfiguration@15b3e5b testClass = QueueInfoServiceTest, locations = '{classpath:spring-mybatis.xml}', classes = '{}', contextInitializerClasses = '[]', activeProfiles = '{}', propertySourceLocations = '{}', propertySourceProperties = '{}', contextCustomizers = set[[empty]], contextLoader = 'org.springframework.test.context.support.DelegatingSmartContextLoader', parent = [null]]]
DEBUG - Spring test ApplicationContext cache statistics: [DefaultContextCache@1b2c4efb size = 1, maxSize = 32, parentContextCount = 0, hitCount = 4, missCount = 1]
DEBUG - Retrieved ApplicationContext [1558021762] from cache with key [[MergedContextConfiguration@15b3e5b testClass = QueueInfoServiceTest, locations = '{classpath:spring-mybatis.xml}', classes = '{}', contextInitializerClasses = '[]', activeProfiles = '{}', propertySourceLocations = '{}', propertySourceProperties = '{}', contextCustomizers = set[[empty]], contextLoader = 'org.springframework.test.context.support.DelegatingSmartContextLoader', parent = [null]]]
DEBUG - Spring test ApplicationContext cache statistics: [DefaultContextCache@1b2c4efb size = 1, maxSize = 32, parentContextCount = 0, hitCount = 5, missCount = 1]
DEBUG - After test method: context [DefaultTestContext@5a4041cc testClass = QueueInfoServiceTest, testInstance = com.etc.QueueInfoServiceTest@43d7741f, testMethod = getQueueTest@QueueInfoServiceTest, testException = org.springframework.transaction.CannotCreateTransactionException: Could not open JDBC Connection for transaction; nested exception is org.apache.commons.dbcp.SQLNestedException: Cannot create PoolableConnectionFactory (Access denied for user 'root'@'localhost' (using password: YES)), mergedContextConfiguration = [MergedContextConfiguration@15b3e5b testClass = QueueInfoServiceTest, locations = '{classpath:spring-mybatis.xml}', classes = '{}', contextInitializerClasses = '[]', activeProfiles = '{}', propertySourceLocations = '{}', propertySourceProperties = '{}', contextCustomizers = set[[empty]], contextLoader = 'org.springframework.test.context.support.DelegatingSmartContextLoader', parent = [null]], attributes = map[[empty]]], class annotated with @DirtiesContext [false] with mode [null], method annotated with @DirtiesContext [false] with mode [null].
]]></system-out>
  </testcase>
  <testcase name="callQueueNoFromRedisTest" classname="com.etc.QueueInfoServiceTest" time="0.108">
    <error message="Could not open JDBC Connection for transaction; nested exception is org.apache.commons.dbcp.SQLNestedException: Cannot create PoolableConnectionFactory (Access denied for user &apos;root&apos;@&apos;localhost&apos; (using password: YES))" type="org.springframework.transaction.CannotCreateTransactionException">org.springframework.transaction.CannotCreateTransactionException: Could not open JDBC Connection for transaction; nested exception is org.apache.commons.dbcp.SQLNestedException: Cannot create PoolableConnectionFactory (Access denied for user 'root'@'localhost' (using password: YES))
	at com.etc.QueueInfoServiceTest.callQueueNoFromRedisTest(QueueInfoServiceTest.java:29)
Caused by: org.apache.commons.dbcp.SQLNestedException: Cannot create PoolableConnectionFactory (Access denied for user 'root'@'localhost' (using password: YES))
	at com.etc.QueueInfoServiceTest.callQueueNoFromRedisTest(QueueInfoServiceTest.java:29)
Caused by: java.sql.SQLException: Access denied for user 'root'@'localhost' (using password: YES)
	at com.etc.QueueInfoServiceTest.callQueueNoFromRedisTest(QueueInfoServiceTest.java:29)
</error>
    <system-out><![CDATA[DEBUG - Retrieved @ProfileValueSourceConfiguration [null] for test class [com.etc.QueueInfoServiceTest]
DEBUG - Retrieved ProfileValueSource type [class org.springframework.test.annotation.SystemProfileValueSource] for class [com.etc.QueueInfoServiceTest]
DEBUG - Performing dependency injection for test context [[DefaultTestContext@5a4041cc testClass = QueueInfoServiceTest, testInstance = com.etc.QueueInfoServiceTest@132ddbab, testMethod = [null], testException = [null], mergedContextConfiguration = [MergedContextConfiguration@15b3e5b testClass = QueueInfoServiceTest, locations = '{classpath:spring-mybatis.xml}', classes = '{}', contextInitializerClasses = '[]', activeProfiles = '{}', propertySourceLocations = '{}', propertySourceProperties = '{}', contextCustomizers = set[[empty]], contextLoader = 'org.springframework.test.context.support.DelegatingSmartContextLoader', parent = [null]], attributes = map[[empty]]]].
DEBUG - Retrieved ApplicationContext [1558021762] from cache with key [[MergedContextConfiguration@15b3e5b testClass = QueueInfoServiceTest, locations = '{classpath:spring-mybatis.xml}', classes = '{}', contextInitializerClasses = '[]', activeProfiles = '{}', propertySourceLocations = '{}', propertySourceProperties = '{}', contextCustomizers = set[[empty]], contextLoader = 'org.springframework.test.context.support.DelegatingSmartContextLoader', parent = [null]]]
DEBUG - Spring test ApplicationContext cache statistics: [DefaultContextCache@1b2c4efb size = 1, maxSize = 32, parentContextCount = 0, hitCount = 6, missCount = 1]
DEBUG - Retrieved ApplicationContext [1558021762] from cache with key [[MergedContextConfiguration@15b3e5b testClass = QueueInfoServiceTest, locations = '{classpath:spring-mybatis.xml}', classes = '{}', contextInitializerClasses = '[]', activeProfiles = '{}', propertySourceLocations = '{}', propertySourceProperties = '{}', contextCustomizers = set[[empty]], contextLoader = 'org.springframework.test.context.support.DelegatingSmartContextLoader', parent = [null]]]
DEBUG - Spring test ApplicationContext cache statistics: [DefaultContextCache@1b2c4efb size = 1, maxSize = 32, parentContextCount = 0, hitCount = 7, missCount = 1]
DEBUG - Before test method: context [DefaultTestContext@5a4041cc testClass = QueueInfoServiceTest, testInstance = com.etc.QueueInfoServiceTest@132ddbab, testMethod = callQueueNoFromRedisTest@QueueInfoServiceTest, testException = [null], mergedContextConfiguration = [MergedContextConfiguration@15b3e5b testClass = QueueInfoServiceTest, locations = '{classpath:spring-mybatis.xml}', classes = '{}', contextInitializerClasses = '[]', activeProfiles = '{}', propertySourceLocations = '{}', propertySourceProperties = '{}', contextCustomizers = set[[empty]], contextLoader = 'org.springframework.test.context.support.DelegatingSmartContextLoader', parent = [null]], attributes = map[[empty]]], class annotated with @DirtiesContext [false] with mode [null], method annotated with @DirtiesContext [false] with mode [null].
DEBUG - Retrieved ApplicationContext [1558021762] from cache with key [[MergedContextConfiguration@15b3e5b testClass = QueueInfoServiceTest, locations = '{classpath:spring-mybatis.xml}', classes = '{}', contextInitializerClasses = '[]', activeProfiles = '{}', propertySourceLocations = '{}', propertySourceProperties = '{}', contextCustomizers = set[[empty]], contextLoader = 'org.springframework.test.context.support.DelegatingSmartContextLoader', parent = [null]]]
DEBUG - Spring test ApplicationContext cache statistics: [DefaultContextCache@1b2c4efb size = 1, maxSize = 32, parentContextCount = 0, hitCount = 8, missCount = 1]
DEBUG - Retrieved ApplicationContext [1558021762] from cache with key [[MergedContextConfiguration@15b3e5b testClass = QueueInfoServiceTest, locations = '{classpath:spring-mybatis.xml}', classes = '{}', contextInitializerClasses = '[]', activeProfiles = '{}', propertySourceLocations = '{}', propertySourceProperties = '{}', contextCustomizers = set[[empty]], contextLoader = 'org.springframework.test.context.support.DelegatingSmartContextLoader', parent = [null]]]
DEBUG - Spring test ApplicationContext cache statistics: [DefaultContextCache@1b2c4efb size = 1, maxSize = 32, parentContextCount = 0, hitCount = 9, missCount = 1]
DEBUG - Creating new transaction with name [com.etc.service.impl.QueueInfoServiceImpl.callQueueNoFromRedis]: PROPAGATION_REQUIRED,ISOLATION_DEFAULT
DEBUG - Retrieved ApplicationContext [1558021762] from cache with key [[MergedContextConfiguration@15b3e5b testClass = QueueInfoServiceTest, locations = '{classpath:spring-mybatis.xml}', classes = '{}', contextInitializerClasses = '[]', activeProfiles = '{}', propertySourceLocations = '{}', propertySourceProperties = '{}', contextCustomizers = set[[empty]], contextLoader = 'org.springframework.test.context.support.DelegatingSmartContextLoader', parent = [null]]]
DEBUG - Spring test ApplicationContext cache statistics: [DefaultContextCache@1b2c4efb size = 1, maxSize = 32, parentContextCount = 0, hitCount = 10, missCount = 1]
DEBUG - Retrieved ApplicationContext [1558021762] from cache with key [[MergedContextConfiguration@15b3e5b testClass = QueueInfoServiceTest, locations = '{classpath:spring-mybatis.xml}', classes = '{}', contextInitializerClasses = '[]', activeProfiles = '{}', propertySourceLocations = '{}', propertySourceProperties = '{}', contextCustomizers = set[[empty]], contextLoader = 'org.springframework.test.context.support.DelegatingSmartContextLoader', parent = [null]]]
DEBUG - Spring test ApplicationContext cache statistics: [DefaultContextCache@1b2c4efb size = 1, maxSize = 32, parentContextCount = 0, hitCount = 11, missCount = 1]
DEBUG - After test method: context [DefaultTestContext@5a4041cc testClass = QueueInfoServiceTest, testInstance = com.etc.QueueInfoServiceTest@132ddbab, testMethod = callQueueNoFromRedisTest@QueueInfoServiceTest, testException = org.springframework.transaction.CannotCreateTransactionException: Could not open JDBC Connection for transaction; nested exception is org.apache.commons.dbcp.SQLNestedException: Cannot create PoolableConnectionFactory (Access denied for user 'root'@'localhost' (using password: YES)), mergedContextConfiguration = [MergedContextConfiguration@15b3e5b testClass = QueueInfoServiceTest, locations = '{classpath:spring-mybatis.xml}', classes = '{}', contextInitializerClasses = '[]', activeProfiles = '{}', propertySourceLocations = '{}', propertySourceProperties = '{}', contextCustomizers = set[[empty]], contextLoader = 'org.springframework.test.context.support.DelegatingSmartContextLoader', parent = [null]], attributes = map[[empty]]], class annotated with @DirtiesContext [false] with mode [null], method annotated with @DirtiesContext [false] with mode [null].
]]></system-out>
  </testcase>
  <testcase name="callQueueNoFromDbTest" classname="com.etc.QueueInfoServiceTest" time="0.164">
    <error message="Could not open JDBC Connection for transaction; nested exception is org.apache.commons.dbcp.SQLNestedException: Cannot create PoolableConnectionFactory (Access denied for user &apos;root&apos;@&apos;localhost&apos; (using password: YES))" type="org.springframework.transaction.CannotCreateTransactionException">org.springframework.transaction.CannotCreateTransactionException: Could not open JDBC Connection for transaction; nested exception is org.apache.commons.dbcp.SQLNestedException: Cannot create PoolableConnectionFactory (Access denied for user 'root'@'localhost' (using password: YES))
	at com.etc.QueueInfoServiceTest.callQueueNoFromDbTest(QueueInfoServiceTest.java:23)
Caused by: org.apache.commons.dbcp.SQLNestedException: Cannot create PoolableConnectionFactory (Access denied for user 'root'@'localhost' (using password: YES))
	at com.etc.QueueInfoServiceTest.callQueueNoFromDbTest(QueueInfoServiceTest.java:23)
Caused by: java.sql.SQLException: Access denied for user 'root'@'localhost' (using password: YES)
	at com.etc.QueueInfoServiceTest.callQueueNoFromDbTest(QueueInfoServiceTest.java:23)
</error>
    <system-out><![CDATA[DEBUG - Retrieved @ProfileValueSourceConfiguration [null] for test class [com.etc.QueueInfoServiceTest]
DEBUG - Retrieved ProfileValueSource type [class org.springframework.test.annotation.SystemProfileValueSource] for class [com.etc.QueueInfoServiceTest]
DEBUG - Performing dependency injection for test context [[DefaultTestContext@5a4041cc testClass = QueueInfoServiceTest, testInstance = com.etc.QueueInfoServiceTest@acb0951, testMethod = [null], testException = [null], mergedContextConfiguration = [MergedContextConfiguration@15b3e5b testClass = QueueInfoServiceTest, locations = '{classpath:spring-mybatis.xml}', classes = '{}', contextInitializerClasses = '[]', activeProfiles = '{}', propertySourceLocations = '{}', propertySourceProperties = '{}', contextCustomizers = set[[empty]], contextLoader = 'org.springframework.test.context.support.DelegatingSmartContextLoader', parent = [null]], attributes = map[[empty]]]].
DEBUG - Retrieved ApplicationContext [1558021762] from cache with key [[MergedContextConfiguration@15b3e5b testClass = QueueInfoServiceTest, locations = '{classpath:spring-mybatis.xml}', classes = '{}', contextInitializerClasses = '[]', activeProfiles = '{}', propertySourceLocations = '{}', propertySourceProperties = '{}', contextCustomizers = set[[empty]], contextLoader = 'org.springframework.test.context.support.DelegatingSmartContextLoader', parent = [null]]]
DEBUG - Spring test ApplicationContext cache statistics: [DefaultContextCache@1b2c4efb size = 1, maxSize = 32, parentContextCount = 0, hitCount = 12, missCount = 1]
DEBUG - Retrieved ApplicationContext [1558021762] from cache with key [[MergedContextConfiguration@15b3e5b testClass = QueueInfoServiceTest, locations = '{classpath:spring-mybatis.xml}', classes = '{}', contextInitializerClasses = '[]', activeProfiles = '{}', propertySourceLocations = '{}', propertySourceProperties = '{}', contextCustomizers = set[[empty]], contextLoader = 'org.springframework.test.context.support.DelegatingSmartContextLoader', parent = [null]]]
DEBUG - Spring test ApplicationContext cache statistics: [DefaultContextCache@1b2c4efb size = 1, maxSize = 32, parentContextCount = 0, hitCount = 13, missCount = 1]
DEBUG - Before test method: context [DefaultTestContext@5a4041cc testClass = QueueInfoServiceTest, testInstance = com.etc.QueueInfoServiceTest@acb0951, testMethod = callQueueNoFromDbTest@QueueInfoServiceTest, testException = [null], mergedContextConfiguration = [MergedContextConfiguration@15b3e5b testClass = QueueInfoServiceTest, locations = '{classpath:spring-mybatis.xml}', classes = '{}', contextInitializerClasses = '[]', activeProfiles = '{}', propertySourceLocations = '{}', propertySourceProperties = '{}', contextCustomizers = set[[empty]], contextLoader = 'org.springframework.test.context.support.DelegatingSmartContextLoader', parent = [null]], attributes = map[[empty]]], class annotated with @DirtiesContext [false] with mode [null], method annotated with @DirtiesContext [false] with mode [null].
DEBUG - Retrieved ApplicationContext [1558021762] from cache with key [[MergedContextConfiguration@15b3e5b testClass = QueueInfoServiceTest, locations = '{classpath:spring-mybatis.xml}', classes = '{}', contextInitializerClasses = '[]', activeProfiles = '{}', propertySourceLocations = '{}', propertySourceProperties = '{}', contextCustomizers = set[[empty]], contextLoader = 'org.springframework.test.context.support.DelegatingSmartContextLoader', parent = [null]]]
DEBUG - Spring test ApplicationContext cache statistics: [DefaultContextCache@1b2c4efb size = 1, maxSize = 32, parentContextCount = 0, hitCount = 14, missCount = 1]
DEBUG - Retrieved ApplicationContext [1558021762] from cache with key [[MergedContextConfiguration@15b3e5b testClass = QueueInfoServiceTest, locations = '{classpath:spring-mybatis.xml}', classes = '{}', contextInitializerClasses = '[]', activeProfiles = '{}', propertySourceLocations = '{}', propertySourceProperties = '{}', contextCustomizers = set[[empty]], contextLoader = 'org.springframework.test.context.support.DelegatingSmartContextLoader', parent = [null]]]
DEBUG - Spring test ApplicationContext cache statistics: [DefaultContextCache@1b2c4efb size = 1, maxSize = 32, parentContextCount = 0, hitCount = 15, missCount = 1]
DEBUG - Creating new transaction with name [com.etc.service.impl.QueueInfoServiceImpl.callQueueNoFromDb]: PROPAGATION_REQUIRED,ISOLATION_DEFAULT
DEBUG - Retrieved ApplicationContext [1558021762] from cache with key [[MergedContextConfiguration@15b3e5b testClass = QueueInfoServiceTest, locations = '{classpath:spring-mybatis.xml}', classes = '{}', contextInitializerClasses = '[]', activeProfiles = '{}', propertySourceLocations = '{}', propertySourceProperties = '{}', contextCustomizers = set[[empty]], contextLoader = 'org.springframework.test.context.support.DelegatingSmartContextLoader', parent = [null]]]
DEBUG - Spring test ApplicationContext cache statistics: [DefaultContextCache@1b2c4efb size = 1, maxSize = 32, parentContextCount = 0, hitCount = 16, missCount = 1]
DEBUG - Retrieved ApplicationContext [1558021762] from cache with key [[MergedContextConfiguration@15b3e5b testClass = QueueInfoServiceTest, locations = '{classpath:spring-mybatis.xml}', classes = '{}', contextInitializerClasses = '[]', activeProfiles = '{}', propertySourceLocations = '{}', propertySourceProperties = '{}', contextCustomizers = set[[empty]], contextLoader = 'org.springframework.test.context.support.DelegatingSmartContextLoader', parent = [null]]]
DEBUG - Spring test ApplicationContext cache statistics: [DefaultContextCache@1b2c4efb size = 1, maxSize = 32, parentContextCount = 0, hitCount = 17, missCount = 1]
DEBUG - After test method: context [DefaultTestContext@5a4041cc testClass = QueueInfoServiceTest, testInstance = com.etc.QueueInfoServiceTest@acb0951, testMethod = callQueueNoFromDbTest@QueueInfoServiceTest, testException = org.springframework.transaction.CannotCreateTransactionException: Could not open JDBC Connection for transaction; nested exception is org.apache.commons.dbcp.SQLNestedException: Cannot create PoolableConnectionFactory (Access denied for user 'root'@'localhost' (using password: YES)), mergedContextConfiguration = [MergedContextConfiguration@15b3e5b testClass = QueueInfoServiceTest, locations = '{classpath:spring-mybatis.xml}', classes = '{}', contextInitializerClasses = '[]', activeProfiles = '{}', propertySourceLocations = '{}', propertySourceProperties = '{}', contextCustomizers = set[[empty]], contextLoader = 'org.springframework.test.context.support.DelegatingSmartContextLoader', parent = [null]], attributes = map[[empty]]], class annotated with @DirtiesContext [false] with mode [null], method annotated with @DirtiesContext [false] with mode [null].
]]></system-out>
  </testcase>
</testsuite>