<?xml version="1.0" encoding="UTF-8"?>
<testsuite xmlns:xsi="http://www.w3.org/2001/XMLSchema-instance" xsi:noNamespaceSchemaLocation="https://maven.apache.org/surefire/maven-surefire-plugin/xsd/surefire-test-report.xsd" name="com.etc.RedisApiTest" time="0.518" tests="3" errors="0" skipped="0" failures="0">
  <properties>
    <property name="sun.desktop" value="windows"/>
    <property name="awt.toolkit" value="sun.awt.windows.WToolkit"/>
    <property name="file.encoding.pkg" value="sun.io"/>
    <property name="java.specification.version" value="1.8"/>
    <property name="sun.cpu.isalist" value="amd64"/>
    <property name="sun.jnu.encoding" value="GBK"/>
    <property name="java.class.path" value="D:\IdeaProjects\ssmlagou\target\test-classes;D:\IdeaProjects\ssmlagou\target\classes;D:\maven3\repository\redis\clients\jedis\2.9.0\jedis-2.9.0.jar;D:\maven3\repository\org\apache\commons\commons-pool2\2.4.2\commons-pool2-2.4.2.jar;D:\maven3\repository\javax\javaee-api\8.0\javaee-api-8.0.jar;D:\maven3\repository\com\sun\mail\javax.mail\1.6.0\javax.mail-1.6.0.jar;D:\maven3\repository\javax\activation\activation\1.1\activation-1.1.jar;D:\maven3\repository\org\glassfish\web\javax.servlet.jsp.jstl\1.2.2\javax.servlet.jsp.jstl-1.2.2.jar;D:\maven3\repository\javax\servlet\jsp\jstl\jstl-api\1.2\jstl-api-1.2.jar;D:\maven3\repository\javax\servlet\servlet-api\2.5\servlet-api-2.5.jar;D:\maven3\repository\javax\servlet\jsp\jsp-api\2.1\jsp-api-2.1.jar;D:\maven3\repository\junit\junit\4.12\junit-4.12.jar;D:\maven3\repository\org\hamcrest\hamcrest-core\1.3\hamcrest-core-1.3.jar;D:\maven3\repository\org\springframework\spring-context\5.2.3.RELEASE\spring-context-5.2.3.RELEASE.jar;D:\maven3\repository\org\springframework\spring-aop\5.2.3.RELEASE\spring-aop-5.2.3.RELEASE.jar;D:\maven3\repository\org\springframework\spring-beans\5.2.3.RELEASE\spring-beans-5.2.3.RELEASE.jar;D:\maven3\repository\org\springframework\spring-core\5.2.3.RELEASE\spring-core-5.2.3.RELEASE.jar;D:\maven3\repository\org\springframework\spring-jcl\5.2.3.RELEASE\spring-jcl-5.2.3.RELEASE.jar;D:\maven3\repository\org\springframework\spring-expression\5.2.3.RELEASE\spring-expression-5.2.3.RELEASE.jar;D:\maven3\repository\org\springframework\spring-aspects\5.2.3.RELEASE\spring-aspects-5.2.3.RELEASE.jar;D:\maven3\repository\org\aspectj\aspectjweaver\1.9.5\aspectjweaver-1.9.5.jar;D:\maven3\repository\org\springframework\spring-jdbc\5.2.3.RELEASE\spring-jdbc-5.2.3.RELEASE.jar;D:\maven3\repository\org\springframework\spring-tx\5.2.3.RELEASE\spring-tx-5.2.3.RELEASE.jar;D:\maven3\repository\org\springframework\spring-orm\5.2.3.RELEASE\spring-orm-5.2.3.RELEASE.jar;D:\maven3\repository\org\springframework\spring-test\5.2.3.RELEASE\spring-test-5.2.3.RELEASE.jar;D:\maven3\repository\aspectj\aspectjweaver\1.5.0\aspectjweaver-1.5.0.jar;D:\maven3\repository\org\mybatis\mybatis\3.5.4\mybatis-3.5.4.jar;D:\maven3\repository\org\mybatis\mybatis-spring\2.0.3\mybatis-spring-2.0.3.jar;D:\maven3\repository\mysql\mysql-connector-java\8.0.19\mysql-connector-java-8.0.19.jar;D:\maven3\repository\com\google\protobuf\protobuf-java\3.6.1\protobuf-java-3.6.1.jar;D:\maven3\repository\commons-dbcp\commons-dbcp\1.4\commons-dbcp-1.4.jar;D:\maven3\repository\commons-pool\commons-pool\1.5.4\commons-pool-1.5.4.jar;D:\maven3\repository\org\slf4j\slf4j-log4j12\2.0.0-alpha0\slf4j-log4j12-2.0.0-alpha0.jar;D:\maven3\repository\org\slf4j\slf4j-api\2.0.0-alpha0\slf4j-api-2.0.0-alpha0.jar;D:\maven3\repository\log4j\log4j\1.2.17\log4j-1.2.17.jar;D:\maven3\repository\org\springframework\spring-web\5.2.3.RELEASE\spring-web-5.2.3.RELEASE.jar;D:\maven3\repository\org\springframework\spring-webmvc\5.2.3.RELEASE\spring-webmvc-5.2.3.RELEASE.jar;D:\maven3\repository\com\fasterxml\jackson\core\jackson-core\2.9.8\jackson-core-2.9.8.jar;D:\maven3\repository\com\fasterxml\jackson\core\jackson-databind\2.9.8\jackson-databind-2.9.8.jar;D:\maven3\repository\com\fasterxml\jackson\core\jackson-annotations\2.9.0\jackson-annotations-2.9.0.jar;D:\maven3\repository\commons-fileupload\commons-fileupload\1.2.1\commons-fileupload-1.2.1.jar;D:\maven3\repository\commons-io\commons-io\1.4\commons-io-1.4.jar;D:\maven3\repository\com\github\pagehelper\pagehelper\5.1.11\pagehelper-5.1.11.jar;D:\maven3\repository\com\github\jsqlparser\jsqlparser\2.0\jsqlparser-2.0.jar;"/>
    <property name="java.vm.vendor" value="Oracle Corporation"/>
    <property name="sun.arch.data.model" value="64"/>
    <property name="user.variant" value=""/>
    <property name="java.vendor.url" value="http://java.oracle.com/"/>
    <property name="user.timezone" value="Asia/Shanghai"/>
    <property name="java.vm.specification.version" value="1.8"/>
    <property name="os.name" value="Windows 7"/>
    <property name="user.country" value="CN"/>
    <property name="sun.java.launcher" value="SUN_STANDARD"/>
    <property name="sun.boot.library.path" value="C:\Program Files\Java\jdk1.8.0_181\jre\bin"/>
    <property name="sun.java.command" value="C:\Users\ADMINI~1.USE\AppData\Local\Temp\surefire4964117987825783937\surefirebooter8697415211587993597.jar C:\Users\Administrator.USER-20190614AP\AppData\Local\Temp\surefire4964117987825783937 2020-09-25T17-16-31_825-jvmRun1 surefire8304718364835745044tmp surefire_02696988291767915458tmp"/>
    <property name="surefire.test.class.path" value="D:\IdeaProjects\ssmlagou\target\test-classes;D:\IdeaProjects\ssmlagou\target\classes;D:\maven3\repository\redis\clients\jedis\2.9.0\jedis-2.9.0.jar;D:\maven3\repository\org\apache\commons\commons-pool2\2.4.2\commons-pool2-2.4.2.jar;D:\maven3\repository\javax\javaee-api\8.0\javaee-api-8.0.jar;D:\maven3\repository\com\sun\mail\javax.mail\1.6.0\javax.mail-1.6.0.jar;D:\maven3\repository\javax\activation\activation\1.1\activation-1.1.jar;D:\maven3\repository\org\glassfish\web\javax.servlet.jsp.jstl\1.2.2\javax.servlet.jsp.jstl-1.2.2.jar;D:\maven3\repository\javax\servlet\jsp\jstl\jstl-api\1.2\jstl-api-1.2.jar;D:\maven3\repository\javax\servlet\servlet-api\2.5\servlet-api-2.5.jar;D:\maven3\repository\javax\servlet\jsp\jsp-api\2.1\jsp-api-2.1.jar;D:\maven3\repository\junit\junit\4.12\junit-4.12.jar;D:\maven3\repository\org\hamcrest\hamcrest-core\1.3\hamcrest-core-1.3.jar;D:\maven3\repository\org\springframework\spring-context\5.2.3.RELEASE\spring-context-5.2.3.RELEASE.jar;D:\maven3\repository\org\springframework\spring-aop\5.2.3.RELEASE\spring-aop-5.2.3.RELEASE.jar;D:\maven3\repository\org\springframework\spring-beans\5.2.3.RELEASE\spring-beans-5.2.3.RELEASE.jar;D:\maven3\repository\org\springframework\spring-core\5.2.3.RELEASE\spring-core-5.2.3.RELEASE.jar;D:\maven3\repository\org\springframework\spring-jcl\5.2.3.RELEASE\spring-jcl-5.2.3.RELEASE.jar;D:\maven3\repository\org\springframework\spring-expression\5.2.3.RELEASE\spring-expression-5.2.3.RELEASE.jar;D:\maven3\repository\org\springframework\spring-aspects\5.2.3.RELEASE\spring-aspects-5.2.3.RELEASE.jar;D:\maven3\repository\org\aspectj\aspectjweaver\1.9.5\aspectjweaver-1.9.5.jar;D:\maven3\repository\org\springframework\spring-jdbc\5.2.3.RELEASE\spring-jdbc-5.2.3.RELEASE.jar;D:\maven3\repository\org\springframework\spring-tx\5.2.3.RELEASE\spring-tx-5.2.3.RELEASE.jar;D:\maven3\repository\org\springframework\spring-orm\5.2.3.RELEASE\spring-orm-5.2.3.RELEASE.jar;D:\maven3\repository\org\springframework\spring-test\5.2.3.RELEASE\spring-test-5.2.3.RELEASE.jar;D:\maven3\repository\aspectj\aspectjweaver\1.5.0\aspectjweaver-1.5.0.jar;D:\maven3\repository\org\mybatis\mybatis\3.5.4\mybatis-3.5.4.jar;D:\maven3\repository\org\mybatis\mybatis-spring\2.0.3\mybatis-spring-2.0.3.jar;D:\maven3\repository\mysql\mysql-connector-java\8.0.19\mysql-connector-java-8.0.19.jar;D:\maven3\repository\com\google\protobuf\protobuf-java\3.6.1\protobuf-java-3.6.1.jar;D:\maven3\repository\commons-dbcp\commons-dbcp\1.4\commons-dbcp-1.4.jar;D:\maven3\repository\commons-pool\commons-pool\1.5.4\commons-pool-1.5.4.jar;D:\maven3\repository\org\slf4j\slf4j-log4j12\2.0.0-alpha0\slf4j-log4j12-2.0.0-alpha0.jar;D:\maven3\repository\org\slf4j\slf4j-api\2.0.0-alpha0\slf4j-api-2.0.0-alpha0.jar;D:\maven3\repository\log4j\log4j\1.2.17\log4j-1.2.17.jar;D:\maven3\repository\org\springframework\spring-web\5.2.3.RELEASE\spring-web-5.2.3.RELEASE.jar;D:\maven3\repository\org\springframework\spring-webmvc\5.2.3.RELEASE\spring-webmvc-5.2.3.RELEASE.jar;D:\maven3\repository\com\fasterxml\jackson\core\jackson-core\2.9.8\jackson-core-2.9.8.jar;D:\maven3\repository\com\fasterxml\jackson\core\jackson-databind\2.9.8\jackson-databind-2.9.8.jar;D:\maven3\repository\com\fasterxml\jackson\core\jackson-annotations\2.9.0\jackson-annotations-2.9.0.jar;D:\maven3\repository\commons-fileupload\commons-fileupload\1.2.1\commons-fileupload-1.2.1.jar;D:\maven3\repository\commons-io\commons-io\1.4\commons-io-1.4.jar;D:\maven3\repository\com\github\pagehelper\pagehelper\5.1.11\pagehelper-5.1.11.jar;D:\maven3\repository\com\github\jsqlparser\jsqlparser\2.0\jsqlparser-2.0.jar;"/>
    <property name="sun.cpu.endian" value="little"/>
    <property name="user.home" value="C:\Users\Administrator.USER-20190614AP"/>
    <property name="user.language" value="zh"/>
    <property name="java.specification.vendor" value="Oracle Corporation"/>
    <property name="java.home" value="C:\Program Files\Java\jdk1.8.0_181\jre"/>
    <property name="basedir" value="D:\IdeaProjects\ssmlagou"/>
    <property name="file.separator" value="\"/>
    <property name="line.separator" value="&#10;"/>
    <property name="java.vm.specification.vendor" value="Oracle Corporation"/>
    <property name="java.specification.name" value="Java Platform API Specification"/>
    <property name="java.awt.graphicsenv" value="sun.awt.Win32GraphicsEnvironment"/>
    <property name="surefire.real.class.path" value="C:\Users\ADMINI~1.USE\AppData\Local\Temp\surefire4964117987825783937\surefirebooter8697415211587993597.jar"/>
    <property name="sun.boot.class.path" value="C:\Program Files\Java\jdk1.8.0_181\jre\lib\resources.jar;C:\Program Files\Java\jdk1.8.0_181\jre\lib\rt.jar;C:\Program Files\Java\jdk1.8.0_181\jre\lib\sunrsasign.jar;C:\Program Files\Java\jdk1.8.0_181\jre\lib\jsse.jar;C:\Program Files\Java\jdk1.8.0_181\jre\lib\jce.jar;C:\Program Files\Java\jdk1.8.0_181\jre\lib\charsets.jar;C:\Program Files\Java\jdk1.8.0_181\jre\lib\jfr.jar;C:\Program Files\Java\jdk1.8.0_181\jre\classes"/>
    <property name="user.script" value=""/>
    <property name="sun.management.compiler" value="HotSpot 64-Bit Tiered Compilers"/>
    <property name="java.runtime.version" value="1.8.0_181-b13"/>
    <property name="user.name" value="Administrator"/>
    <property name="path.separator" value=";"/>
    <property name="os.version" value="6.1"/>
    <property name="java.endorsed.dirs" value="C:\Program Files\Java\jdk1.8.0_181\jre\lib\endorsed"/>
    <property name="java.runtime.name" value="Java(TM) SE Runtime Environment"/>
    <property name="file.encoding" value="GBK"/>
    <property name="java.vm.name" value="Java HotSpot(TM) 64-Bit Server VM"/>
    <property name="localRepository" value="D:\maven3\repository"/>
    <property name="java.vendor.url.bug" value="http://bugreport.sun.com/bugreport/"/>
    <property name="java.io.tmpdir" value="C:\Users\ADMINI~1.USE\AppData\Local\Temp\"/>
    <property name="java.version" value="1.8.0_181"/>
    <property name="user.dir" value="D:\IdeaProjects\ssmlagou"/>
    <property name="os.arch" value="amd64"/>
    <property name="java.vm.specification.name" value="Java Virtual Machine Specification"/>
    <property name="java.awt.printerjob" value="sun.awt.windows.WPrinterJob"/>
    <property name="sun.os.patch.level" value="Service Pack 1"/>
    <property name="idea.version2019.3.4" value="true"/>
    <property name="java.library.path" value="C:\Program Files\Java\jdk1.8.0_181\jre\bin;C:\Windows\Sun\Java\bin;C:\Windows\system32;C:\Windows;D:\maven3\bin;C:\Program Files (x86)\Common Files\Oracle\Java\javapath;C:\Program Files\Java\jdk1.8.0_181\bin;C:\Windows\system32;C:\Windows;C:\Windows\System32\Wbem;C:\Program Files\Java\jdk1.8.0_181\jre\bin;C:\Windows\System32\WindowsPowerShell\v1.0\;."/>
    <property name="java.vm.info" value="mixed mode"/>
    <property name="java.vendor" value="Oracle Corporation"/>
    <property name="java.vm.version" value="25.181-b13"/>
    <property name="java.ext.dirs" value="C:\Program Files\Java\jdk1.8.0_181\jre\lib\ext;C:\Windows\Sun\Java\lib\ext"/>
    <property name="sun.io.unicode.encoding" value="UnicodeLittle"/>
    <property name="maven.repo.local" value="D:\maven3\repository"/>
    <property name="java.class.version" value="52.0"/>
  </properties>
  <testcase name="testHash" classname="com.etc.RedisApiTest" time="0.188"/>
  <testcase name="testList" classname="com.etc.RedisApiTest" time="0.055"/>
  <testcase name="testString" classname="com.etc.RedisApiTest" time="0.049"/>
</testsuite>